0 info it worked if it ends with ok
1 verbose cli [ '/usr/bin/node', '/usr/bin/npm', 'run', 'test', '--no-cache' ]
2 info using npm@6.13.4
3 info using node@v12.15.0
4 verbose run-script [ 'pretest', 'test', 'posttest' ]
5 info lifecycle rpgtools@0.1.0~pretest: rpgtools@0.1.0
6 info lifecycle rpgtools@0.1.0~test: rpgtools@0.1.0
7 verbose lifecycle rpgtools@0.1.0~test: unsafe-perm in lifecycle true
8 verbose lifecycle rpgtools@0.1.0~test: PATH: /usr/lib/node_modules/npm/node_modules/npm-lifecycle/node-gyp-bin:/home/zach/git/rpgtools/server/node_modules/.bin:/home/zach/.local/bin:/usr/local/sbin:/usr/local/bin:/usr/sbin:/usr/bin:/sbin:/bin:/usr/games:/usr/local/games:/snap/bin
9 verbose lifecycle rpgtools@0.1.0~test: CWD: /home/zach/git/rpgtools/server
10 silly lifecycle rpgtools@0.1.0~test: Args: [ '-c', 'jest' ]
11 silly lifecycle rpgtools@0.1.0~test: Returned: code: 1  signal: null
12 info lifecycle rpgtools@0.1.0~test: Failed to exec test script
13 verbose stack Error: rpgtools@0.1.0 test: `jest`
13 verbose stack Exit status 1
13 verbose stack     at EventEmitter.<anonymous> (/usr/lib/node_modules/npm/node_modules/npm-lifecycle/index.js:332:16)
13 verbose stack     at EventEmitter.emit (events.js:223:5)
13 verbose stack     at ChildProcess.<anonymous> (/usr/lib/node_modules/npm/node_modules/npm-lifecycle/lib/spawn.js:55:14)
13 verbose stack     at ChildProcess.emit (events.js:223:5)
13 verbose stack     at maybeClose (internal/child_process.js:1021:16)
13 verbose stack     at Process.ChildProcess._handle.onexit (internal/child_process.js:283:5)
14 verbose pkgid rpgtools@0.1.0
15 verbose cwd /home/zach/git/rpgtools/server
16 verbose Linux 5.3.0-40-generic
17 verbose argv "/usr/bin/node" "/usr/bin/npm" "run" "test" "--no-cache"
18 verbose node v12.15.0
19 verbose npm  v6.13.4
20 error code ELIFECYCLE
21 error errno 1
22 error rpgtools@0.1.0 test: `jest`
22 error Exit status 1
23 error Failed at the rpgtools@0.1.0 test script.
23 error This is probably not a problem with npm. There is likely additional logging output above.
24 verbose exit [ 1, true ]
